= Start [30.04.2019 21:08:40] [127.0.0.1 | testapp.lc] ================>
Error: #0 {
    "error": "Error",
    "errno": 4096,
    "message": "Argument 2 passed to Application\\Core\\Model::select() must be of the type array, string given, called in C:\\OpenServer\\domains\\testapp\\Application\\Core\\Model.php on line 119 and defined",
    "file": "C:\\OpenServer\\domains\\testapp\\Application\\Core\\Model.php",
    "line": 129
} [C:\OpenServer\domains\testapp\Application\Core\Errors.php:42]
Backtrace:
#0 C:\OpenServer\domains\testapp\Application\Core\Model.php(129): Application\Core\Errors::Application\Core\{closure}(4096, 'Argument 2 pass...', 'C:\\OpenServer\\d...', 129, Array)
#1 C:\OpenServer\domains\testapp\Application\Core\Model.php(119): Application\Core\Model::select('\n\t\t\tSELECT *\n\t\t...', '1')
#2 C:\OpenServer\domains\testapp\Application\Module\Model\UsersModel.php(19): Application\Core\Model::get('1')
#3 C:\OpenServer\domains\testapp\Application\Module\View\index.php(27): Application\Module\Model\UsersModel::get()
#4 C:\OpenServer\domains\testapp\Application\Core\View.php(29): require('C:\\OpenServer\\d...')
#5 C:\OpenServer\domains\testapp\Application\Core\Controller.php(10): Application\Core\View->__construct('index', Array)
#6 C:\OpenServer\domains\testapp\Application\Module\Controller\IndexController.php(28): Application\Core\Controller::view('index', Array)
#7 [internal function]: Application\Module\Controller\IndexController::indexAction()
#8 C:\OpenServer\domains\testapp\Application\Bootstrap.php(71): call_user_func(Array)
#9 C:\OpenServer\domains\testapp\Application\Bootstrap.php(34): Application\Bootstrap::run()
#10 C:\OpenServer\domains\testapp\init\www\index.php(5): Application\Bootstrap::init()
#11 {main}
< End =========================================


